SMS-my-GPS/build/intermediates/manifest_merge_blame_file/debug/manifest-merger-blame-debug-report.txt
1<?xml version="1.0" encoding="utf-8"?>
2<manifest xmlns:android="http://schemas.android.com/apk/res/android"
3    package="com.github.warren_bank.sms_automatic_reply_gps"
4    android:versionCode="2010711"
5    android:versionName="002.01.07-11API" >
6
7    <uses-sdk
8        android:minSdkVersion="11"
8-->src/main/AndroidManifest.xml
9        android:targetSdkVersion="28" />
9-->src/main/AndroidManifest.xml
10
11    <uses-feature
11-->src/main/AndroidManifest.xml:6:5-90
12        android:name="android.hardware.location.gps"
12-->src/main/AndroidManifest.xml:6:19-63
13        android:required="true" />
13-->src/main/AndroidManifest.xml:6:64-87
14
15    <uses-permission android:name="android.permission.RECEIVE_SMS" />
15-->src/main/AndroidManifest.xml:8:5-70
15-->src/main/AndroidManifest.xml:8:22-67
16    <uses-permission android:name="android.permission.ACCESS_FINE_LOCATION" />
16-->src/main/AndroidManifest.xml:9:5-79
16-->src/main/AndroidManifest.xml:9:22-76
17    <uses-permission android:name="android.permission.SEND_SMS" />
17-->src/main/AndroidManifest.xml:10:5-67
17-->src/main/AndroidManifest.xml:10:22-64
18
19    <application
19-->src/main/AndroidManifest.xml:12:5-50:19
20        android:allowBackup="false"
20-->src/main/AndroidManifest.xml:13:9-36
21        android:debuggable="true"
22        android:icon="@drawable/launcher"
22-->src/main/AndroidManifest.xml:14:9-42
23        android:label="@string/app_name"
23-->src/main/AndroidManifest.xml:15:9-41
24        android:testOnly="true" >
25        <activity
25-->src/main/AndroidManifest.xml:17:9-27:20
26            android:name="com.parent.subparent.autoreply.ui.PreferenceActivity"
26-->src/main/AndroidManifest.xml:18:13-50
27            android:configChanges="colorMode|density|fontScale|keyboard|keyboardHidden|layoutDirection|locale|mcc|mnc|navigation|orientation|screenLayout|screenSize|smallestScreenSize|touchscreen|uiMode"
27-->src/main/AndroidManifest.xml:19:13-204
28            android:label="@string/app_name"
28-->src/main/AndroidManifest.xml:22:13-45
29            android:launchMode="standard"
29-->src/main/AndroidManifest.xml:20:13-42
30            android:theme="@style/app_theme" >
30-->src/main/AndroidManifest.xml:21:13-45
31            <intent-filter>
31-->src/main/AndroidManifest.xml:23:13-26:29
32                <action android:name="android.intent.action.MAIN" />
32-->src/main/AndroidManifest.xml:24:17-69
32-->src/main/AndroidManifest.xml:24:25-66
33
34                <category android:name="android.intent.category.LAUNCHER" />
34-->src/main/AndroidManifest.xml:25:17-77
34-->src/main/AndroidManifest.xml:25:27-74
35            </intent-filter>
36        </activity>
37
38        <receiver
38-->src/main/AndroidManifest.xml:29:9-48:20
39            android:name="com.parent.subparent.autoreply.event.SMSReceiver"
39-->src/main/AndroidManifest.xml:30:13-46
40            android:enabled="true"
40-->src/main/AndroidManifest.xml:32:13-35
41            android:exported="true"
41-->src/main/AndroidManifest.xml:33:13-36
42            android:label="@string/app_name"
42-->src/main/AndroidManifest.xml:31:13-45
43            android:permission="android.permission.BROADCAST_SMS" >
43-->src/main/AndroidManifest.xml:34:13-66
44            <intent-filter android:priority="2147483647" >
44-->src/main/AndroidManifest.xml:36:13-38:29
44-->src/main/AndroidManifest.xml:36:28-57
45                <action android:name="android.provider.Telephony.SMS_RECEIVED" />
45-->src/main/AndroidManifest.xml:37:17-82
45-->src/main/AndroidManifest.xml:37:25-79
46            </intent-filter>
47            <intent-filter android:priority="2147483647" >
47-->src/main/AndroidManifest.xml:40:13-46:29
47-->src/main/AndroidManifest.xml:40:28-57
48                <action android:name="android.intent.action.DATA_SMS_RECEIVED" />
48-->src/main/AndroidManifest.xml:41:17-82
48-->src/main/AndroidManifest.xml:41:25-79
49
50                <data
50-->src/main/AndroidManifest.xml:42:17-45:44
51                    android:host="*"
51-->src/main/AndroidManifest.xml:43:21-37
52                    android:port="9200"
52-->src/main/AndroidManifest.xml:44:21-40
53                    android:scheme="sms" />
53-->src/main/AndroidManifest.xml:45:21-41
54            </intent-filter>
55        </receiver>
56    </application>
57
58</manifest>